<?xml version="1.0" encoding="UTF-8"?>
<!-- Generated by org.testng.reporters.JUnitReportReporter -->
<testsuite hostname="SHRIMATHI-PC" name="Academy.PageTitleValidation" tests="1" failures="0" timestamp="29 Aug 2019 15:19:29 GMT" time="0.470" errors="0">
  <testcase name="Navigation" time="0.470" classname="Academy.PageTitleValidation"/>
</testsuite> <!-- Academy.PageTitleValidation -->
