<?xml version="1.0" encoding="UTF-8"?>
<!-- Generated by org.testng.reporters.JUnitReportReporter -->
<testsuite hostname="SHRIMATHI-PC" name="Academy.HomePage" tests="1" failures="0" timestamp="18 Aug 2019 11:44:42 GMT" time="13.847" errors="0">
  <testcase name="Navigation" time="13.847" classname="Academy.HomePage"/>
</testsuite> <!-- Academy.HomePage -->
