<?xml version="1.0" encoding="UTF-8"?>
<!-- Generated by org.testng.reporters.JUnitReportReporter -->
<testsuite name="Academy.HomePage" tests="1" time="11.989" ignored="0" failures="0" timestamp="28 Aug 2019 18:25:12 GMT" skipped="0" hostname="SHRIMATHI-PC" errors="0">
  <testcase name="Navigation" time="11.989" classname="Academy.HomePage"/>
</testsuite> <!-- Academy.HomePage -->
