<?xml version="1.0" encoding="UTF-8"?>
<!-- Generated by org.testng.reporters.JUnitReportReporter -->
<testsuite name="Academy.PageTitleValidation" tests="1" time="0.488" ignored="0" failures="0" timestamp="29 Aug 2019 07:01:37 GMT" skipped="0" hostname="SHRIMATHI-PC" errors="0">
  <testcase name="Navigation" time="0.488" classname="Academy.PageTitleValidation"/>
</testsuite> <!-- Academy.PageTitleValidation -->
